
> beat-scrobble@dev build
> react-router build

vite v6.3.5 building for production...
transforming...
✓ 155 modules transformed.
✗ Build failed in 2.83s
Could not resolve "./SpotifySettings" from "app/components/modals/SettingsModal.tsx"
file: /home/saturnxdev/Downloads/app/client/app/components/modals/SettingsModal.tsx
    at getRollupError (file:///home/saturnxdev/Downloads/app/client/node_modules/rollup/dist/es/shared/parseAst.js:401:41)
    at error (file:///home/saturnxdev/Downloads/app/client/node_modules/rollup/dist/es/shared/parseAst.js:397:42)
    at ModuleLoader.handleInvalidResolvedId (file:///home/saturnxdev/Downloads/app/client/node_modules/rollup/dist/es/shared/node-entry.js:21396:24)
    at file:///home/saturnxdev/Downloads/app/client/node_modules/rollup/dist/es/shared/node-entry.js:21356:26 {
  code: 'UNRESOLVED_IMPORT',
  exporter: './SpotifySettings',
  id: '/home/saturnxdev/Downloads/app/client/app/components/modals/SettingsModal.tsx',
  watchFiles: [
    '/home/saturnxdev/Downloads/app/client/app/entry.client.tsx',
    '/home/saturnxdev/Downloads/app/client/app/routes/MediaItems/Artist.tsx',
    '/home/saturnxdev/Downloads/app/client/app/routes/Home.tsx',
    '/home/saturnxdev/Downloads/app/client/app/root.tsx',
    '/home/saturnxdev/Downloads/app/client/app/routes/MediaItems/Album.tsx',
    '/home/saturnxdev/Downloads/app/client/app/routes/MediaItems/Track.tsx',
    '/home/saturnxdev/Downloads/app/client/app/routes/Charts/AlbumChart.tsx',
    '/home/saturnxdev/Downloads/app/client/app/routes/Charts/ArtistChart.tsx',
    '/home/saturnxdev/Downloads/app/client/app/routes/Charts/TrackChart.tsx',
    '/home/saturnxdev/Downloads/app/client/app/routes/Charts/Listens.tsx',
    '/home/saturnxdev/Downloads/app/client/app/routes/Timeline.tsx',
    '/home/saturnxdev/Downloads/app/client/app/routes/Playlists.tsx',
    '/home/saturnxdev/Downloads/app/client/app/routes/Profile.tsx',
    '/home/saturnxdev/Downloads/app/client/app/routes/PublicProfile.tsx',
    '/home/saturnxdev/Downloads/app/client/app/routes/ThemeHelper.tsx',
    '/home/saturnxdev/Downloads/app/client/package.json',
    '/home/saturnxdev/Downloads/app/client/app/routes/Charts/ChartLayout.tsx',
    '/home/saturnxdev/Downloads/app/client/app/components/TopItemList.tsx',
    '/home/saturnxdev/Downloads/app/client/api/api.ts',
    '/home/saturnxdev/Downloads/app/client/app/components/TimelineView.tsx',
    '/home/saturnxdev/Downloads/app/client/app/components/TopTracks.tsx',
    '/home/saturnxdev/Downloads/app/client/app/components/LastPlays.tsx',
    '/home/saturnxdev/Downloads/app/client/app/components/ActivityGrid.tsx',
    '/home/saturnxdev/Downloads/app/client/app/components/TopArtists.tsx',
    '/home/saturnxdev/Downloads/app/client/app/components/TopAlbums.tsx',
    '/home/saturnxdev/Downloads/app/client/app/components/NowPlayingCard.tsx',
    '/home/saturnxdev/Downloads/app/client/app/components/DashboardMetrics.tsx',
    '/home/saturnxdev/Downloads/app/client/app/components/RecentActivity.tsx',
    '/home/saturnxdev/Downloads/app/client/app/components/PeriodSelector.tsx',
    '/home/saturnxdev/Downloads/app/client/app/providers/AppProvider.tsx',
    '/home/saturnxdev/Downloads/app/client/app/components/ArtistLinks.tsx',
    '/home/saturnxdev/Downloads/app/client/app/utils/utils.ts',
    '/home/saturnxdev/Downloads/app/client/app/routes/MediaItems/MediaLayout.tsx',
    '/home/saturnxdev/Downloads/app/client/app/components/ListeningSessions.tsx',
    '/home/saturnxdev/Downloads/app/client/app/components/ArtistAlbums.tsx',
    '/home/saturnxdev/Downloads/app/client/app/components/MiniDiscography.tsx',
    '/home/saturnxdev/Downloads/app/client/app/components/modals/MergeModal.tsx',
    '/home/saturnxdev/Downloads/app/client/app/components/modals/ImageReplaceModal.tsx',
    '/home/saturnxdev/Downloads/app/client/app/components/modals/DeleteModal.tsx',
    '/home/saturnxdev/Downloads/app/client/app/components/modals/EditModal/EditModal.tsx',
    '/home/saturnxdev/Downloads/app/client/app/components/AsyncButton.tsx',
    '/home/saturnxdev/Downloads/app/client/app/components/AllTimeStats.tsx',
    '/home/saturnxdev/Downloads/app/client/app/hooks/useTheme.ts',
    '/home/saturnxdev/Downloads/app/client/app/styles/themes.css.ts',
    '/home/saturnxdev/Downloads/app/client/app/components/ProfileCritique.tsx',
    '/home/saturnxdev/Downloads/app/client/app/components/modals/YearlyRecapModal.tsx',
    '/home/saturnxdev/Downloads/app/client/app/hooks/usePreferences.ts',
    '/home/saturnxdev/Downloads/app/client/app/themes.css',
    '/home/saturnxdev/Downloads/app/client/app/app.css',
    '/home/saturnxdev/Downloads/app/client/node_modules/tailwindcss/index.css',
    '/home/saturnxdev/Downloads/app/client/app/providers/ThemeProvider.tsx',
    '/home/saturnxdev/Downloads/app/client/app/components/sidebar/Sidebar.tsx',
    '/home/saturnxdev/Downloads/app/client/node_modules/react/jsx-runtime.js',
    '/home/saturnxdev/Downloads/app/client/node_modules/react/index.js',
    '/home/saturnxdev/Downloads/app/client/node_modules/react-dom/client.js',
    '/home/saturnxdev/Downloads/app/client/node_modules/react-router/dist/development/dom-export.mjs',
    '/home/saturnxdev/Downloads/app/client/app/components/ImageDropHandler.tsx',
    '/home/saturnxdev/Downloads/app/client/app/components/modals/AddListenModal.tsx',
    '/home/saturnxdev/Downloads/app/client/app/components/CardAura.tsx',
    '/home/saturnxdev/Downloads/app/client/app/components/ui/skeleton.tsx',
    '/home/saturnxdev/Downloads/app/client/app/components/skeletons/TopListSkeleton.tsx',
    '/home/saturnxdev/Downloads/app/client/app/types/timeframe.ts',
    '/home/saturnxdev/Downloads/app/client/app/components/Heatmap.tsx',
    '/home/saturnxdev/Downloads/app/client/app/components/Popup.tsx',
    '/home/saturnxdev/Downloads/app/client/app/components/ActivityOptsSelector.tsx',
    '/home/saturnxdev/Downloads/app/client/app/components/icons/ChartIcon.tsx',
    '/home/saturnxdev/Downloads/app/client/app/components/icons/CheckCircleIcon.tsx',
    '/home/saturnxdev/Downloads/app/client/app/components/icons/GraphIcon.tsx',
    '/home/saturnxdev/Downloads/app/client/app/components/icons/HomeIcon.tsx',
    '/home/saturnxdev/Downloads/app/client/app/components/icons/ImageIcon.tsx',
    '/home/saturnxdev/Downloads/app/client/app/components/icons/MergeIcon.tsx',
    '/home/saturnxdev/Downloads/app/client/app/components/icons/SearchIcon.tsx',
    '/home/saturnxdev/Downloads/app/client/app/components/modals/EditModal/SetPrimaryArtist.tsx',
    '/home/saturnxdev/Downloads/app/client/app/components/modals/EditModal/SetVariousArtist.tsx',
    '/home/saturnxdev/Downloads/app/client/app/components/modals/Account.tsx',
    '/home/saturnxdev/Downloads/app/client/app/components/modals/AccountPage.tsx',
    '/home/saturnxdev/Downloads/app/client/app/components/modals/ApiKeysModal.tsx',
    '/home/saturnxdev/Downloads/app/client/app/components/modals/LoginForm.tsx',
    '/home/saturnxdev/Downloads/app/client/app/components/modals/Modal.tsx',
    '/home/saturnxdev/Downloads/app/client/app/components/modals/SearchModal.tsx',
    '/home/saturnxdev/Downloads/app/client/app/components/modals/SettingsModal.tsx',
    '/home/saturnxdev/Downloads/app/client/app/components/modals/BackupModal.tsx',
    '/home/saturnxdev/Downloads/app/client/app/components/modals/SpotifyImagePicker.tsx',
    '/home/saturnxdev/Downloads/app/client/app/components/sidebar/SidebarItem.tsx',
    '/home/saturnxdev/Downloads/app/client/app/components/sidebar/SidebarSearch.tsx',
    '/home/saturnxdev/Downloads/app/client/app/components/sidebar/SidebarSettings.tsx',
    '/home/saturnxdev/Downloads/app/client/app/components/sidebar/MobileBottomNav.tsx',
    '/home/saturnxdev/Downloads/app/client/app/components/themeSwitcher/ThemeOption.tsx',
    '/home/saturnxdev/Downloads/app/client/app/components/themeSwitcher/ThemeSwitcher.tsx',
    '/home/saturnxdev/Downloads/app/client/app/components/themeSwitcher/ThemePaletteSelector.tsx',
    '/home/saturnxdev/Downloads/app/client/app/components/themeSwitcher/CardAuraSelector.tsx',
    '/home/saturnxdev/Downloads/app/client/app/components/themeSwitcher/CustomElementColors.tsx',
    '/home/saturnxdev/Downloads/app/client/app/components/themeSwitcher/CustomBackground.tsx',
    '/home/saturnxdev/Downloads/app/client/app/components/AlbumDisplay.tsx',
    '/home/saturnxdev/Downloads/app/client/app/components/Footer.tsx',
    '/home/saturnxdev/Downloads/app/client/app/components/GlobalThemes.tsx',
    '/home/saturnxdev/Downloads/app/client/app/components/SearchResultItem.tsx',
    '/home/saturnxdev/Downloads/app/client/app/components/SearchResultSelectorItem.tsx',
    '/home/saturnxdev/Downloads/app/client/app/components/SearchResults.tsx',
    '/home/saturnxdev/Downloads/app/client/app/components/TopThreeAlbums.tsx',
    ... 73 more items
  ]
}
